生成启动时间为 2017/4/21 20:14:44。
     1>项目“E:\C++workspace\剑指offer\111\111\111.vcxproj”在节点 2 上(build 个目标)。
     1>InitializeBuildStatus:
         正在对“Debug\111.unsuccessfulbuild”执行 Touch 任务。
       ClCompile:
         C:\Program Files (x86)\Microsoft Visual Studio 10.0\VC\bin\CL.exe /c /ZI /nologo /W3 /WX- /Od /Oy- /D WIN32 /D _DEBUG /D _WINDOWS /D _UNICODE /D UNICODE /Gm /EHsc /RTC1 /MDd /GS /fp:precise /Zc:wchar_t /Zc:forScope /Fo"Debug\\" /Fd"Debug\vc100.pdb" /Gd /TP /analyze- /errorReport:prompt 1.cpp
         1.cpp
     1>e:\c++workspace\剑指offer\111\111\1.cpp(17): warning C4018: “<”: 有符号/无符号不匹配
     1>e:\c++workspace\剑指offer\111\111\1.cpp(42): warning C4018: “<”: 有符号/无符号不匹配
       ManifestResourceCompile:
         所有输出均为最新。
       Link:
         C:\Program Files (x86)\Microsoft Visual Studio 10.0\VC\bin\link.exe /ERRORREPORT:PROMPT /OUT:"E:\C++workspace\剑指offer\111\Debug\111.exe" /INCREMENTAL /NOLOGO kernel32.lib user32.lib gdi32.lib winspool.lib comdlg32.lib advapi32.lib shell32.lib ole32.lib oleaut32.lib uuid.lib odbc32.lib odbccp32.lib /MANIFEST /ManifestFile:"Debug\111.exe.intermediate.manifest" /MANIFESTUAC:"level='asInvoker' uiAccess='false'" /DEBUG /PDB:"E:\C++workspace\剑指offer\111\Debug\111.pdb" /SUBSYSTEM:WINDOWS /TLBID:1 /DYNAMICBASE /NXCOMPAT /IMPLIB:"E:\C++workspace\剑指offer\111\Debug\111.lib" /MACHINE:X86 Debug\111.exe.embed.manifest.res
         Debug\1.obj
     1>MSVCRTD.lib(crtexew.obj) : error LNK2019: 无法解析的外部符号 _WinMain@16，该符号在函数 ___tmainCRTStartup 中被引用
     1>E:\C++workspace\剑指offer\111\Debug\111.exe : fatal error LNK1120: 1 个无法解析的外部命令
     1>已完成生成项目“E:\C++workspace\剑指offer\111\111\111.vcxproj”(build 个目标)的操作 - 失败。

生成失败。

已用时间 00:00:01.37
